#
# A fatal error has been detected by the Java Runtime Environment:
#
#  EXCEPTION_ACCESS_VIOLATION (0xc0000005) at pc=0x03247411, pid=17628, tid=0x000031fc
#
# JRE version: Java(TM) SE Runtime Environment (8.0_291-b10) (build 1.8.0_291-b10)
# Java VM: Java HotSpot(TM) Client VM (25.291-b10 mixed mode windows-x86 )
# Problematic frame:
# J 655 C1 org.eclipse.osgi.container.ModuleResolver.addProvidedWires(Ljava/util/Map;Ljava/util/List;Ljava/util/List;)V (89 bytes) @ 0x03247411 [0x032473b0+0x61]
#
# Failed to write core dump. Minidumps are not enabled by default on client versions of Windows
#
# If you would like to submit a bug report, please visit:
#   http://bugreport.java.com/bugreport/crash.jsp
#

---------------  T H R E A D  ---------------

Current thread (0x4691dc00):  JavaThread "Refresh Thread: Equinox Container: 90e94e77-775f-001c-1dbc-922a208585b7" daemon [_thread_in_Java, id=12796, stack(0x46e50000,0x46f50000)]

siginfo: ExceptionCode=0xc0000005, reading address 0x3a67eb84

Registers:
EAX=0x3a67eb80, EBX=0x45570cd0, ECX=0x057ef988, EDX=0x00000060
ESP=0x46f4f540, EBP=0x46f4f5d0, ESI=0x00000061, EDI=0x057ee920
EIP=0x03247411, EFLAGS=0x00010202

Top of Stack: (sp=0x46f4f540)
0x46f4f540:   46f4f540 0119bd33 46f4f57c 459ba608
0x46f4f550:   00000000 459b8968 46f4f5d0 03136848
0x46f4f560:   0a1653a8 030647c4 057ee920 057eee80
0x46f4f570:   0000017c 057ef988 46f4f5d0 031715b8
0x46f4f580:   0a1653a8 057ee920 46f4f5d0 03064864
0x46f4f590:   057ef498 459b8750 46f4f5d0 030647f9
0x46f4f5a0:   03064864 057ef498 057eee80 057ee920
0x46f4f5b0:   46f4f5b0 459809c6 46f4f600 45981258 

Instructions: (pc=0x03247411)
0x032473f1:   a7 00 00 00 66 66 90 8b 4c 24 34 90 90 b8 60 3e
0x03247401:   71 45 e8 78 01 f4 ff 83 f8 00 0f 84 12 00 00 00
0x03247411:   81 78 04 68 87 9a 45 0f 85 14 01 00 00 e9 00 00
0x03247421:   00 00 8b d0 8b 4c 24 28 90 b8 58 d6 61 45 e8 7c 


Register to memory mapping:

EAX=0x3a67eb80 is an unallocated location in the heap
EBX={method} {0x45570cd4} 'hashCode' '()I' in 'java/lang/Object'
ECX=
[error occurred during error reporting (printing register info), id 0xc0000005]

Stack: [0x46e50000,0x46f50000],  sp=0x46f4f540,  free space=1021k
Native frames: (J=compiled Java code, j=interpreted, Vv=VM code, C=native code)
J 655 C1 org.eclipse.osgi.container.ModuleResolver.addProvidedWires(Ljava/util/Map;Ljava/util/List;Ljava/util/List;)V (89 bytes) @ 0x03247411 [0x032473b0+0x61]
j  org.eclipse.osgi.container.ModuleResolver.createWiringDelta(Lorg/eclipse/osgi/container/ModuleRevision;Lorg/eclipse/osgi/container/ModuleWiring;Ljava/util/Map;Ljava/util/List;)Lorg/eclipse/osgi/container/ModuleWiring;+118
j  org.eclipse.osgi.container.ModuleResolver.generateDelta(Ljava/util/Map;Ljava/util/Map;)Ljava/util/Map;+521
j  org.eclipse.osgi.container.ModuleResolver$ResolveProcess.applyInterimResultToWiringCopy(Ljava/util/Map;)V+18
j  org.eclipse.osgi.container.ModuleResolver$ResolveProcess.resolveRevisions(Ljava/util/List;ZLorg/eclipse/osgi/container/ModuleResolver$ResolveProcess$ResolveLogger;Ljava/util/Map;)V+50
j  org.eclipse.osgi.container.ModuleResolver$ResolveProcess.resolveRevisionsInBatch(Ljava/util/Collection;ZLorg/eclipse/osgi/container/ModuleResolver$ResolveProcess$ResolveLogger;Ljava/util/Map;)V+233
j  org.eclipse.osgi.container.ModuleResolver$ResolveProcess.resolve()Lorg/eclipse/osgi/container/ModuleResolutionReport;+346
j  org.eclipse.osgi.container.ModuleResolver.resolveDelta(Ljava/util/Collection;ZLjava/util/Collection;Ljava/util/Map;Lorg/eclipse/osgi/container/ModuleDatabase;)Lorg/eclipse/osgi/container/ModuleResolutionReport;+19
j  org.eclipse.osgi.container.ModuleContainer.resolveAndApply(Ljava/util/Collection;ZZ)Lorg/eclipse/osgi/report/resolution/ResolutionReport;+245
j  org.eclipse.osgi.container.ModuleContainer.resolve(Ljava/util/Collection;ZZ)Lorg/eclipse/osgi/report/resolution/ResolutionReport;+36
j  org.eclipse.osgi.container.ModuleContainer.refresh(Ljava/util/Collection;)Lorg/eclipse/osgi/report/resolution/ResolutionReport;+34
j  org.eclipse.osgi.container.ModuleContainer$ContainerWiring.dispatchEvent(Lorg/eclipse/osgi/container/ModuleContainer$ContainerWiring;[Lorg/osgi/framework/FrameworkListener;ILjava/util/Collection;)V+6
j  org.eclipse.osgi.container.ModuleContainer$ContainerWiring.dispatchEvent(Ljava/lang/Object;Ljava/lang/Object;ILjava/lang/Object;)V+15
j  org.eclipse.osgi.framework.eventmgr.EventManager.dispatchEvent(Ljava/util/Set;Lorg/eclipse/osgi/framework/eventmgr/EventDispatcher;ILjava/lang/Object;)V+48
j  org.eclipse.osgi.framework.eventmgr.EventManager$EventThread.run()V+26
v  ~StubRoutines::call_stub
V  [jvm.dll+0x1658b4]
V  [jvm.dll+0x23656b]
V  [jvm.dll+0x166067]
V  [jvm.dll+0x165fa6]
V  [jvm.dll+0x1012cb]
V  [jvm.dll+0x18a0d4]
V  [jvm.dll+0x1cf54b]
C  [ucrtbase.dll+0x438df]
C  [KERNEL32.DLL+0x16359]
C  [ntdll.dll+0x687a4]
C  [ntdll.dll+0x68774]
C  0x00000000


---------------  P R O C E S S  ---------------

Java Threads: ( => current thread )
=>0x4691dc00 JavaThread "Refresh Thread: Equinox Container: 90e94e77-775f-001c-1dbc-922a208585b7" daemon [_thread_in_Java, id=12796, stack(0x46e50000,0x46f50000)]
  0x468c3c00 JavaThread "Active Thread: Equinox Container: 90e94e77-775f-001c-1dbc-922a208585b7" [_thread_blocked, id=13064, stack(0x46c10000,0x46d10000)]
  0x0517d400 JavaThread "Service Thread" daemon [_thread_blocked, id=19392, stack(0x46290000,0x46390000)]
  0x0515ac00 JavaThread "C1 CompilerThread0" daemon [_thread_blocked, id=8716, stack(0x46150000,0x46250000)]
  0x05158000 JavaThread "Attach Listener" daemon [_thread_blocked, id=13048, stack(0x46010000,0x46110000)]
  0x05156400 JavaThread "Signal Dispatcher" daemon [_thread_blocked, id=18796, stack(0x45ed0000,0x45fd0000)]
  0x05148000 JavaThread "Finalizer" daemon [_thread_blocked, id=18012, stack(0x45c90000,0x45d90000)]
  0x05143000 JavaThread "Reference Handler" daemon [_thread_blocked, id=8792, stack(0x45b50000,0x45c50000)]
  0x0060dc00 JavaThread "main" [_thread_blocked, id=3296, stack(0x000a0000,0x001a0000)]

Other Threads:
  0x006bd800 VMThread [stack: 0x45a10000,0x45b10000] [id=16044]
  0x0518c400 WatcherThread [stack: 0x463d0000,0x464d0000] [id=14768]

VM state:not at safepoint (normal execution)

VM Mutex/Monitor currently owned by a thread: None

Heap:
 def new generation   total 78656K, used 15224K [0x05200000, 0x0a750000, 0x1a750000)
  eden space 69952K,   9% used [0x05200000, 0x0585e300, 0x09650000)
  from space 8704K, 100% used [0x09ed0000, 0x0a750000, 0x0a750000)
  to   space 8704K,   0% used [0x09650000, 0x09650000, 0x09ed0000)
 tenured generation   total 174784K, used 12109K [0x1a750000, 0x25200000, 0x45200000)
   the space 174784K,   6% used [0x1a750000, 0x1b3236c0, 0x1b323800, 0x25200000)
 Metaspace       used 5508K, capacity 5564K, committed 5632K, reserved 6528K

Card table byte_map: [0x45200000,0x45410000] byte_map_base: 0x451d7000

Polling page: 0x02ff0000

CodeCache: size=32768Kb used=1970Kb max_used=1970Kb free=30797Kb
 bounds [0x03060000, 0x03250000, 0x05060000]
 total_blobs=835 nmethods=661 adapters=104
 compilation: enabled

Compilation events (10 events):
Event: 3.242 Thread 0x0515ac00 nmethod 656 0x03247808 code [0x032479d0, 0x03247ccc]
Event: 3.244 Thread 0x0515ac00  657             org.apache.felix.resolver.Candidates::populateDependents (337 bytes)
Event: 3.245 Thread 0x0515ac00 nmethod 657 0x032480c8 code [0x032483b0, 0x03248eb4]
Event: 3.245 Thread 0x0515ac00  658             org.eclipse.osgi.container.ModuleResolver$2::compare (13 bytes)
Event: 3.245 Thread 0x0515ac00 nmethod 658 0x03249d48 code [0x03249e60, 0x03249f88]
Event: 3.245 Thread 0x0515ac00  659             org.eclipse.osgi.container.ModuleResolver$2::compare (34 bytes)
Event: 3.245 Thread 0x0515ac00 nmethod 659 0x0324a108 code [0x0324a220, 0x0324a2f8]
Event: 3.245 Thread 0x0515ac00  660             java.util.TimSort::countRunAndMakeAscending (128 bytes)
Event: 3.246 Thread 0x0515ac00 nmethod 660 0x0324a3c8 code [0x0324a510, 0x0324a884]
Event: 3.248 Thread 0x0515ac00  661             org.apache.felix.resolver.Candidates::populateSubstitutables (381 bytes)

GC Heap History (2 events):
Event: 3.159 GC heap before
{Heap before GC invocations=0 (full 0):
 def new generation   total 78656K, used 69952K [0x05200000, 0x0a750000, 0x1a750000)
  eden space 69952K, 100% used [0x05200000, 0x09650000, 0x09650000)
  from space 8704K,   0% used [0x09650000, 0x09650000, 0x09ed0000)
  to   space 8704K,   0% used [0x09ed0000, 0x09ed0000, 0x0a750000)
 tenured generation   total 174784K, used 0K [0x1a750000, 0x25200000, 0x45200000)
   the space 174784K,   0% used [0x1a750000, 0x1a750000, 0x1a750200, 0x25200000)
 Metaspace       used 5507K, capacity 5564K, committed 5632K, reserved 6528K
Event: 3.219 GC heap after
Heap after GC invocations=1 (full 0):
 def new generation   total 78656K, used 8704K [0x05200000, 0x0a750000, 0x1a750000)
  eden space 69952K,   0% used [0x05200000, 0x05200000, 0x09650000)
  from space 8704K, 100% used [0x09ed0000, 0x0a750000, 0x0a750000)
  to   space 8704K,   0% used [0x09650000, 0x09650000, 0x09ed0000)
 tenured generation   total 174784K, used 12109K [0x1a750000, 0x25200000, 0x45200000)
   the space 174784K,   6% used [0x1a750000, 0x1b3236c0, 0x1b323800, 0x25200000)
 Metaspace       used 5507K, capacity 5564K, committed 5632K, reserved 6528K
}

Deoptimization events (0 events):
No events

Classes redefined (0 events):
No events

Internal exceptions (10 events):
Event: 0.290 Thread 0x0060dc00 Exception <a 'java/lang/NoSuchMethodError': Method sun.misc.Unsafe.defineClass(Ljava/lang/String;[BII)Ljava/lang/Class; name or signature does not match> (0x05206eb8) thrown at [C:\jenkins\workspace\8-2-build-windows-i586-cygwin\jdk8u291\1294\hotspot\src\
Event: 0.290 Thread 0x0060dc00 Exception <a 'java/lang/NoSuchMethodError': Method sun.misc.Unsafe.prefetchRead(Ljava/lang/Object;J)V name or signature does not match> (0x05207188) thrown at [C:\jenkins\workspace\8-2-build-windows-i586-cygwin\jdk8u291\1294\hotspot\src\share\vm\prims\jni
Event: 1.336 Thread 0x0060dc00 Exception <a 'java/lang/ClassNotFoundException': sun/net/www/protocol/c/Handler> (0x055875e0) thrown at [C:\jenkins\workspace\8-2-build-windows-i586-cygwin\jdk8u291\1294\hotspot\src\share\vm\classfile\systemDictionary.cpp, line 212]
Event: 1.674 Thread 0x0060dc00 Exception <a 'java/security/PrivilegedActionException'> (0x059e24b0) thrown at [C:\jenkins\workspace\8-2-build-windows-i586-cygwin\jdk8u291\1294\hotspot\src\share\vm\prims\jvm.cpp, line 1523]
Event: 1.674 Thread 0x0060dc00 Exception <a 'java/security/PrivilegedActionException'> (0x059e26b0) thrown at [C:\jenkins\workspace\8-2-build-windows-i586-cygwin\jdk8u291\1294\hotspot\src\share\vm\prims\jvm.cpp, line 1523]
Event: 1.674 Thread 0x0060dc00 Exception <a 'java/security/PrivilegedActionException'> (0x059e66c8) thrown at [C:\jenkins\workspace\8-2-build-windows-i586-cygwin\jdk8u291\1294\hotspot\src\share\vm\prims\jvm.cpp, line 1523]
Event: 1.674 Thread 0x0060dc00 Exception <a 'java/security/PrivilegedActionException'> (0x059e68c8) thrown at [C:\jenkins\workspace\8-2-build-windows-i586-cygwin\jdk8u291\1294\hotspot\src\share\vm\prims\jvm.cpp, line 1523]
Event: 1.704 Thread 0x0060dc00 Exception <a 'java/lang/ClassNotFoundException': sun/net/www/protocol/c/Handler> (0x05d149f0) thrown at [C:\jenkins\workspace\8-2-build-windows-i586-cygwin\jdk8u291\1294\hotspot\src\share\vm\classfile\systemDictionary.cpp, line 212]
Event: 1.704 Thread 0x0060dc00 Exception <a 'java/lang/ClassNotFoundException': sun/net/www/protocol/c/Handler> (0x05d16018) thrown at [C:\jenkins\workspace\8-2-build-windows-i586-cygwin\jdk8u291\1294\hotspot\src\share\vm\classfile\systemDictionary.cpp, line 212]
Event: 1.716 Thread 0x0060dc00 Exception <a 'java/lang/ClassNotFoundException': sun/net/www/protocol/c/Handler> (0x05d19250) thrown at [C:\jenkins\workspace\8-2-build-windows-i586-cygwin\jdk8u291\1294\hotspot\src\share\vm\classfile\systemDictionary.cpp, line 212]

Events (10 events):
Event: 3.079 loading class org/eclipse/osgi/internal/framework/OSGiFrameworkHooks$CoreResolverHookFactory$1
Event: 3.079 loading class org/eclipse/osgi/internal/framework/OSGiFrameworkHooks$CoreResolverHookFactory$1 done
Event: 3.084 loading class org/eclipse/osgi/container/ModuleResolver$2
Event: 3.084 loading class org/eclipse/osgi/container/ModuleResolver$2 done
Event: 3.129 loading class org/apache/felix/resolver/ResolverImpl$UsedBlames
Event: 3.129 loading class org/apache/felix/resolver/ResolverImpl$UsedBlames done
Event: 3.159 Executing VM operation: GenCollectForAllocation
Event: 3.219 Executing VM operation: GenCollectForAllocation done
Event: 3.231 loading class java/util/LinkedHashMap$LinkedValueIterator
Event: 3.232 loading class java/util/LinkedHashMap$LinkedValueIterator done


Dynamic libraries:
0x00400000 - 0x0044e000 	C:\Program Files (x86)\eclipse\eclipse.exe
0x778a0000 - 0x77a3a000 	C:\WINDOWS\SYSTEM32\ntdll.dll
0x76e70000 - 0x76f50000 	C:\WINDOWS\System32\KERNEL32.DLL
0x77290000 - 0x7748f000 	C:\WINDOWS\System32\KERNELBASE.dll
0x73cd0000 - 0x73d6f000 	C:\WINDOWS\SYSTEM32\apphelp.dll
0x75120000 - 0x752b8000 	C:\WINDOWS\System32\USER32.dll
0x75a60000 - 0x75a77000 	C:\WINDOWS\System32\win32u.dll
0x776d0000 - 0x776f1000 	C:\WINDOWS\System32\GDI32.dll
0x76890000 - 0x769ed000 	C:\WINDOWS\System32\gdi32full.dll
0x752c0000 - 0x7533c000 	C:\WINDOWS\System32\msvcp_win.dll
0x75390000 - 0x754b0000 	C:\WINDOWS\System32\ucrtbase.dll
0x77520000 - 0x775df000 	C:\WINDOWS\System32\MSVCRT.dll
0x746e0000 - 0x748ef000 	C:\WINDOWS\WinSxS\x86_microsoft.windows.common-controls_6595b64144ccf1df_6.0.18362.1556_none_e62b6e06f8da6adb\COMCTL32.dll
0x76b90000 - 0x76e07000 	C:\WINDOWS\System32\combase.dll
0x77610000 - 0x776cb000 	C:\WINDOWS\System32\RPCRT4.dll
0x75060000 - 0x75080000 	C:\WINDOWS\System32\SspiCli.dll
0x75050000 - 0x7505a000 	C:\WINDOWS\System32\CRYPTBASE.dll
0x77830000 - 0x77890000 	C:\WINDOWS\System32\bcryptPrimitives.dll
0x769f0000 - 0x76a66000 	C:\WINDOWS\System32\sechost.dll
0x77700000 - 0x77725000 	C:\WINDOWS\System32\IMM32.DLL
0x72000000 - 0x7200d000 	C:\Program Files (x86)\eclipse\plugins\org.eclipse.equinox.launcher.win32.win32.x86_1.1.300.v20150602-1417\eclipse_1611.dll
0x77490000 - 0x77509000 	C:\WINDOWS\System32\ADVAPI32.dll
0x74500000 - 0x74508000 	C:\WINDOWS\SYSTEM32\VERSION.dll
0x73ff0000 - 0x7406a000 	C:\WINDOWS\system32\uxtheme.dll
0x76ff0000 - 0x770f3000 	C:\WINDOWS\System32\MSCTF.dll
0x76f50000 - 0x76fe2000 	C:\WINDOWS\System32\OLEAUT32.dll
0x775e0000 - 0x775ef000 	C:\WINDOWS\System32\kernel.appcore.dll
0x6e0a0000 - 0x6e122000 	C:\WINDOWS\System32\TextInputFramework.dll
0x6d440000 - 0x6d69e000 	C:\WINDOWS\System32\CoreUIComponents.dll
0x6d920000 - 0x6d9a9000 	C:\WINDOWS\System32\CoreMessaging.dll
0x76800000 - 0x76884000 	C:\WINDOWS\System32\SHCORE.dll
0x73f80000 - 0x73fa9000 	C:\WINDOWS\SYSTEM32\ntmarta.dll
0x6d360000 - 0x6d437000 	C:\WINDOWS\SYSTEM32\wintypes.dll
0x6fe00000 - 0x7002a000 	C:\WINDOWS\System32\iertutil.dll
0x76020000 - 0x76117000 	C:\WINDOWS\System32\ole32.dll
0x777b0000 - 0x77830000 	C:\WINDOWS\System32\clbcatq.dll
0x6d9b0000 - 0x6dd8e000 	C:\Program Files (x86)\Java\jre1.8.0_291\bin\client\jvm.dll
0x75110000 - 0x75116000 	C:\WINDOWS\System32\PSAPI.DLL
0x74540000 - 0x74564000 	C:\WINDOWS\SYSTEM32\WINMM.dll
0x72a70000 - 0x72a78000 	C:\WINDOWS\SYSTEM32\WSOCK32.dll
0x76a70000 - 0x76ace000 	C:\WINDOWS\System32\WS2_32.dll
0x74510000 - 0x74533000 	C:\WINDOWS\SYSTEM32\WINMMBASE.dll
0x75a80000 - 0x75abb000 	C:\WINDOWS\System32\cfgmgr32.dll
0x72b10000 - 0x72b24000 	C:\WINDOWS\SYSTEM32\VCRUNTIME140.dll
0x72930000 - 0x7293d000 	C:\Program Files (x86)\Java\jre1.8.0_291\bin\verify.dll
0x70240000 - 0x70264000 	C:\Program Files (x86)\Java\jre1.8.0_291\bin\java.dll
0x70200000 - 0x70214000 	C:\Program Files (x86)\Java\jre1.8.0_291\bin\zip.dll
0x754e0000 - 0x75a5b000 	C:\WINDOWS\System32\SHELL32.dll
0x76230000 - 0x767f1000 	C:\WINDOWS\System32\windows.storage.dll
0x77790000 - 0x777a7000 	C:\WINDOWS\System32\profapi.dll
0x75340000 - 0x75383000 	C:\WINDOWS\System32\powrprof.dll
0x76b80000 - 0x76b8d000 	C:\WINDOWS\System32\UMPDC.dll
0x76b30000 - 0x76b74000 	C:\WINDOWS\System32\shlwapi.dll
0x775f0000 - 0x77603000 	C:\WINDOWS\System32\cryptsp.dll
0x71460000 - 0x7148f000 	C:\WINDOWS\system32\rsaenh.dll
0x77100000 - 0x77119000 	C:\WINDOWS\System32\bcrypt.dll
0x743d0000 - 0x743ee000 	C:\WINDOWS\SYSTEM32\USERENV.dll
0x6f710000 - 0x6f727000 	C:\Program Files (x86)\Java\jre1.8.0_291\bin\net.dll
0x703f0000 - 0x70442000 	C:\WINDOWS\system32\mswsock.dll
0x74eb0000 - 0x74ee2000 	C:\WINDOWS\SYSTEM32\IPHLPAPI.DLL
0x76b20000 - 0x76b27000 	C:\WINDOWS\System32\NSI.dll
0x73c00000 - 0x73c13000 	C:\WINDOWS\SYSTEM32\dhcpcsvc6.DLL
0x73be0000 - 0x73bf5000 	C:\WINDOWS\SYSTEM32\dhcpcsvc.DLL
0x70350000 - 0x703e3000 	C:\WINDOWS\SYSTEM32\DNSAPI.dll
0x708d0000 - 0x708df000 	C:\Program Files (x86)\Java\jre1.8.0_291\bin\nio.dll
0x706d0000 - 0x706e1000 	C:\WINDOWS\system32\napinsp.dll
0x704e0000 - 0x704f6000 	C:\WINDOWS\system32\pnrpnsp.dll
0x708c0000 - 0x708cb000 	C:\WINDOWS\System32\winrnr.dll
0x704c0000 - 0x704d6000 	C:\WINDOWS\system32\NLAapi.dll
0x70220000 - 0x70230000 	C:\WINDOWS\system32\wshbth.dll
0x70340000 - 0x70348000 	C:\Windows\System32\rasadhlp.dll
0x702e0000 - 0x70331000 	C:\WINDOWS\System32\fwpuclnt.dll
0x73530000 - 0x736bf000 	C:\WINDOWS\SYSTEM32\dbghelp.dll

VM Arguments:
jvm_args: -Dosgi.requiredJavaVersion=1.7 -Xms256m -Xmx1024m 
java_command: <unknown>
java_class_path (initial): C:\Program Files (x86)\eclipse\\plugins/org.eclipse.equinox.launcher_1.3.100.v20150511-1540.jar
Launcher Type: generic

Environment Variables:
USERNAME=tadj
OS=Windows_NT
PROCESSOR_IDENTIFIER=Intel64 Family 6 Model 94 Stepping 3, GenuineIntel



---------------  S Y S T E M  ---------------

OS: Windows 10.0 , 64 bit Build 18362 (10.0.18362.1500)

CPU:total 8 (initial active 8) (4 cores per cpu, 2 threads per core) family 6 model 94 stepping 3, cmov, cx8, fxsr, mmx, sse, sse2, sse3, ssse3, sse4.1, sse4.2, popcnt, avx, avx2, aes, clmul, erms, rtm, 3dnowpref, lzcnt, ht, tsc, tscinvbit, bmi1, bmi2, adx

Memory: 4k page, physical 8259320k(2083500k free), swap 16462828k(5771404k free)

vm_info: Java HotSpot(TM) Client VM (25.291-b10) for windows-x86 JRE (1.8.0_291-b10), built on Apr  9 2021 04:22:09 by "java_re" with MS VC++ 15.9 (VS2017)

time: Fri Dec 17 21:25:25 2021
timezone: W. Central Africa Standard Time
elapsed time: 3.569260 seconds (0d 0h 0m 3s)

